c:\users\jmx\desktop\refactory_repo\claudius\x64\debug\vc142.pdb
c:\users\jmx\desktop\refactory_repo\claudius\x64\debug\vc142.idb
c:\users\jmx\desktop\refactory_repo\claudius\x64\debug\vector2.nativecodeanalysis.sarif
c:\users\jmx\desktop\refactory_repo\claudius\x64\debug\vector2.nativecodeanalysis.xml
c:\users\jmx\desktop\refactory_repo\claudius\x64\debug\transform.nativecodeanalysis.sarif
c:\users\jmx\desktop\refactory_repo\claudius\x64\debug\transform.nativecodeanalysis.xml
c:\users\jmx\desktop\refactory_repo\claudius\x64\debug\rendermanager.nativecodeanalysis.sarif
c:\users\jmx\desktop\refactory_repo\claudius\x64\debug\rendermanager.nativecodeanalysis.xml
c:\users\jmx\desktop\refactory_repo\claudius\x64\debug\rectangle.nativecodeanalysis.sarif
c:\users\jmx\desktop\refactory_repo\claudius\x64\debug\rectangle.nativecodeanalysis.xml
c:\users\jmx\desktop\refactory_repo\claudius\x64\debug\player.nativecodeanalysis.sarif
c:\users\jmx\desktop\refactory_repo\claudius\x64\debug\player.nativecodeanalysis.xml
c:\users\jmx\desktop\refactory_repo\claudius\x64\debug\main.nativecodeanalysis.sarif
c:\users\jmx\desktop\refactory_repo\claudius\x64\debug\main.nativecodeanalysis.xml
c:\users\jmx\desktop\refactory_repo\claudius\x64\debug\apple.nativecodeanalysis.sarif
c:\users\jmx\desktop\refactory_repo\claudius\x64\debug\apple.nativecodeanalysis.xml
c:\users\jmx\desktop\refactory_repo\claudius\x64\debug\apple.obj
c:\users\jmx\desktop\refactory_repo\claudius\x64\debug\main.obj
c:\users\jmx\desktop\refactory_repo\claudius\x64\debug\player.obj
c:\users\jmx\desktop\refactory_repo\claudius\x64\debug\rectangle.obj
c:\users\jmx\desktop\refactory_repo\claudius\x64\debug\rendermanager.obj
c:\users\jmx\desktop\refactory_repo\claudius\x64\debug\transform.obj
c:\users\jmx\desktop\refactory_repo\claudius\x64\debug\vector2.obj
c:\users\jmx\desktop\refactory_repo\claudius\x64\debug\claudius.tlog\cl.command.1.tlog
c:\users\jmx\desktop\refactory_repo\claudius\x64\debug\claudius.tlog\cl.read.1.tlog
c:\users\jmx\desktop\refactory_repo\claudius\x64\debug\claudius.tlog\cl.write.1.tlog
